# JRE version: OpenJDK Runtime Environment Temurin-17.0.11+9 (17.0.11+9) (build 17.0.11+9)
# Java VM: OpenJDK 64-Bit Server VM Temurin-17.0.11+9 (17.0.11+9, mixed mode, emulated-client, tiered, compressed oops, compressed class ptrs, g1 gc, windows-amd64)
GC Precious Log:
 CPUs: 12 total, 12 available
 Memory: 16268M
 Large Page Support: Disabled
 NUMA Support: Disabled
 Compressed Oops: Enabled (Zero based)
 Heap Region Size: 2M
 Heap Min Capacity: 8M
 Heap Initial Capacity: 256M
 Heap Max Capacity: 4068M
 Pre-touch: Disabled
 Parallel Workers: 10
 Concurrent Workers: 3
 Concurrent Refinement Workers: 10
 Periodic GC: Disabled
Heap:
 garbage-first heap   total 90112K, used 44338K [0x0000000701c00000, 0x0000000800000000)
  region size 2048K, 11 young (22528K), 3 survivors (6144K)
 Metaspace       used 80074K, committed 80704K, reserved 1179648K
  class space    used 10885K, committed 11200K, reserved 1048576K
GC Heap History (20 events):
Event: 2.348 GC heap before
{Heap before GC invocations=13 (full 0):
 garbage-first heap   total 69632K, used 52228K [0x0000000701c00000, 0x0000000800000000)
  region size 2048K, 17 young (34816K), 1 survivors (2048K)
 Metaspace       used 41959K, committed 42432K, reserved 1114112K
  class space    used 5266K, committed 5504K, reserved 1048576K
}
Event: 2.349 GC heap after
{Heap after GC invocations=14 (full 0):
 garbage-first heap   total 139264K, used 19464K [0x0000000701c00000, 0x0000000800000000)
  region size 2048K, 1 young (2048K), 1 survivors (2048K)
 Metaspace       used 41959K, committed 42432K, reserved 1114112K
  class space    used 5266K, committed 5504K, reserved 1048576K
}
Event: 2.775 GC heap before
{Heap before GC invocations=14 (full 0):
 garbage-first heap   total 139264K, used 99336K [0x0000000701c00000, 0x0000000800000000)
  region size 2048K, 40 young (81920K), 1 survivors (2048K)
 Metaspace       used 48774K, committed 49216K, reserved 1114112K
  class space    used 6315K, committed 6528K, reserved 1048576K
}
Event: 2.777 GC heap after
{Heap after GC invocations=15 (full 0):
 garbage-first heap   total 139264K, used 20558K [0x0000000701c00000, 0x0000000800000000)
  region size 2048K, 2 young (4096K), 2 survivors (4096K)
 Metaspace       used 48774K, committed 49216K, reserved 1114112K
  class space    used 6315K, committed 6528K, reserved 1048576K
}
Event: 3.159 GC heap before
{Heap before GC invocations=15 (full 0):
 garbage-first heap   total 139264K, used 98382K [0x0000000701c00000, 0x0000000800000000)
  region size 2048K, 40 young (81920K), 2 survivors (4096K)
 Metaspace       used 56293K, committed 56768K, reserved 1114112K
  class space    used 7274K, committed 7488K, reserved 1048576K
}
Event: 3.161 GC heap after
{Heap after GC invocations=16 (full 0):
 garbage-first heap   total 139264K, used 22426K [0x0000000701c00000, 0x0000000800000000)
  region size 2048K, 3 young (6144K), 3 survivors (6144K)
 Metaspace       used 56293K, committed 56768K, reserved 1114112K
  class space    used 7274K, committed 7488K, reserved 1048576K
}
Event: 3.323 GC heap before
{Heap before GC invocations=16 (full 0):
 garbage-first heap   total 139264K, used 51098K [0x0000000701c00000, 0x0000000800000000)
  region size 2048K, 19 young (38912K), 3 survivors (6144K)
 Metaspace       used 59980K, committed 60416K, reserved 1114112K
  class space    used 7859K, committed 8064K, reserved 1048576K
}
Event: 3.325 GC heap after
{Heap after GC invocations=17 (full 0):
 garbage-first heap   total 139264K, used 23187K [0x0000000701c00000, 0x0000000800000000)
  region size 2048K, 3 young (6144K), 3 survivors (6144K)
 Metaspace       used 59980K, committed 60416K, reserved 1114112K
  class space    used 7859K, committed 8064K, reserved 1048576K
}
Event: 3.645 GC heap before
{Heap before GC invocations=18 (full 0):
 garbage-first heap   total 90112K, used 78483K [0x0000000701c00000, 0x0000000800000000)
  region size 2048K, 30 young (61440K), 3 survivors (6144K)
 Metaspace       used 63994K, committed 64512K, reserved 1114112K
  class space    used 8600K, committed 8832K, reserved 1048576K
}
Event: 3.648 GC heap after
{Heap after GC invocations=19 (full 0):
 garbage-first heap   total 90112K, used 23927K [0x0000000701c00000, 0x0000000800000000)
  region size 2048K, 3 young (6144K), 3 survivors (6144K)
 Metaspace       used 63994K, committed 64512K, reserved 1114112K
  class space    used 8600K, committed 8832K, reserved 1048576K
}
Event: 3.659 GC heap before
{Heap before GC invocations=19 (full 0):
 garbage-first heap   total 90112K, used 25975K [0x0000000701c00000, 0x0000000800000000)
  region size 2048K, 4 young (8192K), 3 survivors (6144K)
 Metaspace       used 64188K, committed 64704K, reserved 1114112K
  class space    used 8643K, committed 8896K, reserved 1048576K
}
Event: 3.662 GC heap after
{Heap after GC invocations=20 (full 0):
 garbage-first heap   total 90112K, used 23812K [0x0000000701c00000, 0x0000000800000000)
  region size 2048K, 1 young (2048K), 1 survivors (2048K)
 Metaspace       used 64188K, committed 64704K, reserved 1114112K
  class space    used 8643K, committed 8896K, reserved 1048576K
}
Event: 3.962 GC heap before
{Heap before GC invocations=20 (full 0):
 garbage-first heap   total 90112K, used 68868K [0x0000000701c00000, 0x0000000800000000)
  region size 2048K, 24 young (49152K), 1 survivors (2048K)
 Metaspace       used 68246K, committed 68800K, reserved 1114112K
  class space    used 9197K, committed 9472K, reserved 1048576K
}
Event: 3.964 GC heap after
{Heap after GC invocations=21 (full 0):
 garbage-first heap   total 90112K, used 25624K [0x0000000701c00000, 0x0000000800000000)
  region size 2048K, 2 young (4096K), 2 survivors (4096K)
 Metaspace       used 68246K, committed 68800K, reserved 1114112K
  class space    used 9197K, committed 9472K, reserved 1048576K
}
Event: 4.245 GC heap before
{Heap before GC invocations=21 (full 0):
 garbage-first heap   total 90112K, used 70680K [0x0000000701c00000, 0x0000000800000000)
  region size 2048K, 24 young (49152K), 2 survivors (4096K)
 Metaspace       used 71260K, committed 71872K, reserved 1114112K
  class space    used 9621K, committed 9920K, reserved 1048576K
}
Event: 4.248 GC heap after
{Heap after GC invocations=22 (full 0):
 garbage-first heap   total 90112K, used 28010K [0x0000000701c00000, 0x0000000800000000)
  region size 2048K, 3 young (6144K), 3 survivors (6144K)
 Metaspace       used 71260K, committed 71872K, reserved 1114112K
  class space    used 9621K, committed 9920K, reserved 1048576K
}
Event: 4.519 GC heap before
{Heap before GC invocations=22 (full 0):
 garbage-first heap   total 90112K, used 71018K [0x0000000701c00000, 0x0000000800000000)
  region size 2048K, 24 young (49152K), 3 survivors (6144K)
 Metaspace       used 74383K, committed 75008K, reserved 1114112K
  class space    used 10088K, committed 10368K, reserved 1048576K
}
Event: 4.522 GC heap after
{Heap after GC invocations=23 (full 0):
 garbage-first heap   total 90112K, used 29998K [0x0000000701c00000, 0x0000000800000000)
  region size 2048K, 3 young (6144K), 3 survivors (6144K)
 Metaspace       used 74383K, committed 75008K, reserved 1114112K
  class space    used 10088K, committed 10368K, reserved 1048576K
}
Event: 59.914 GC heap before
{Heap before GC invocations=23 (full 0):
 garbage-first heap   total 90112K, used 68910K [0x0000000701c00000, 0x0000000800000000)
  region size 2048K, 23 young (47104K), 3 survivors (6144K)
 Metaspace       used 78467K, committed 79040K, reserved 1179648K
  class space    used 10662K, committed 10944K, reserved 1048576K
}
Event: 59.916 GC heap after
{Heap after GC invocations=24 (full 0):
 garbage-first heap   total 90112K, used 32050K [0x0000000701c00000, 0x0000000800000000)
  region size 2048K, 3 young (6144K), 3 survivors (6144K)
 Metaspace       used 78467K, committed 79040K, reserved 1179648K
  class space    used 10662K, committed 10944K, reserved 1048576K
}

